NPROC : 20
Current Delta: 0
Current Threshold: 0.0
Best MI score: 0.08798152335039841
Adding first best original feature: 126
selected Features: [[126]]
Current Delta: 0.0005
Current Threshold: 0.001862070516991439
Best MI score: 0.08798152335039841
Adding first best original feature: 126
Highest CMI score: 0.03328290029701689
selected Features: [[126], [126]]
Current Delta: 0.05
Current Threshold: 0.1862070516991439
Best MI score: 0.08798152335039841
Adding first best original feature: 126
Highest CMI score: 0.03328290029701689
Adding original feature: 30
Highest CMI score: 0.013921517497743452
Adding original feature: 18
Highest CMI score: 0.002644886240615457
Adding original feature: 113
Highest CMI score: 0.0
selected Features: [[126], [126], [126, 30, 18, 113]]
Delta: 0, final number of features: 1, selected features IDs: [126]
Delta: 0.0005, final number of features: 1, selected features IDs: [126]
Delta: 0.05, final number of features: 4, selected features IDs: [126, 30, 18, 113]
