NPROC : 20
Current Delta: 0
Current Threshold: 0.0
Best MI score: 1.2898379524274979
Adding first best original feature: 0
selected Features: [[0]]
Current Delta: 0.0005
Current Threshold: 0.004429992251884914
Best MI score: 1.2898379524274979
Adding first best original feature: 0
Highest CMI score: 0.0697300646077228
selected Features: [[0], [0]]
Current Delta: 0.05
Current Threshold: 0.44299922518849133
Best MI score: 1.2898379524274979
Adding first best original feature: 0
Highest CMI score: 0.0697300646077228
Adding original feature: 216
Highest CMI score: 0.031990939384402894
Adding original feature: 224
Highest CMI score: 0.02444293869619041
Adding original feature: 221
Highest CMI score: 0.000662743814250355
Adding original feature: 215
Highest CMI score: 0.0
selected Features: [[0], [0], [0, 216, 224, 221, 215]]
Delta: 0, final number of features: 1, selected features IDs: [0]
Delta: 0.0005, final number of features: 1, selected features IDs: [0]
Delta: 0.05, final number of features: 5, selected features IDs: [0, 216, 224, 221, 215]
