NPROC : 20
Current Delta: 0
Current Threshold: 0.0
Best MI score: 0.12179009183052854
Adding first best original feature: 184
selected Features: [[184]]
Current Delta: 0.0005
Current Threshold: 0.0015522892098861988
Best MI score: 0.12179009183052854
Adding first best original feature: 184
Highest CMI score: 0.048190999331732
selected Features: [[184], [184]]
Current Delta: 0.05
Current Threshold: 0.15522892098861987
Best MI score: 0.12179009183052854
Adding first best original feature: 184
Highest CMI score: 0.048190999331732
Adding original feature: 30
Highest CMI score: 0.0015571478239953251
Adding original feature: 38
Highest CMI score: 0.0014928362431930464
Adding original feature: 214
Highest CMI score: 0.0
selected Features: [[184], [184], [184, 30, 38, 214]]
Delta: 0, final number of features: 1, selected features IDs: [184]
Delta: 0.0005, final number of features: 1, selected features IDs: [184]
Delta: 0.05, final number of features: 4, selected features IDs: [184, 30, 38, 214]
