NPROC : 20
Current Delta: 0
Current Threshold: 0.0
Best MI score: 0.08160004491901697
Adding first best original feature: 0
selected Features: [[0]]
Current Delta: 0.0005
Current Threshold: 0.0013904771336595643
Best MI score: 0.08160004491901697
Adding first best original feature: 0
Highest CMI score: 0.020884875331955932
selected Features: [[0], [0]]
Current Delta: 0.05
Current Threshold: 0.13904771336595642
Best MI score: 0.08160004491901697
Adding first best original feature: 0
Highest CMI score: 0.020884875331955932
Adding original feature: 59
Highest CMI score: 0.025525599669697183
Adding original feature: 162
Highest CMI score: 0.007955046625677031
Adding original feature: 209
Highest CMI score: 0.00864712378254237
Adding original feature: 60
Highest CMI score: 0.0025141767648599045
Adding original feature: 18
Highest CMI score: 0.007216887405938177
Adding original feature: 40
Highest CMI score: 0.003028736326301268
Adding original feature: 79
Highest CMI score: 0.0009595627286201613
Adding original feature: 48
Highest CMI score: 0.0025767163336042342
Adding original feature: 174
Highest CMI score: 0.0010947899208529621
Adding original feature: 192
Highest CMI score: 9.33227002583581e-05
Adding original feature: 216
Highest CMI score: 7.969275422786692e-05
Adding original feature: 210
Highest CMI score: 4.1943447913639353e-05
Adding original feature: 228
Highest CMI score: 1.7040965163417354e-05
Adding original feature: 239
Highest CMI score: 0.0
selected Features: [[0], [0], [0, 59, 162, 209, 60, 18, 40, 79, 48, 174, 192, 216, 210, 228, 239]]
Delta: 0, final number of features: 1, selected features IDs: [0]
Delta: 0.0005, final number of features: 1, selected features IDs: [0]
Delta: 0.05, final number of features: 15, selected features IDs: [0, 59, 162, 209, 60, 18, 40, 79, 48, 174, 192, 216, 210, 228, 239]
