Current Delta: 0
Current Threshold: 0.0
Adding first best original feature: 114
selected Features: [[114]]
Current Delta: 0.0005
Current Threshold: 0.001052077657425474
Adding first best original feature: 114
selected Features: [[114], [114]]
Current Delta: 0.05
Current Threshold: 0.10520776574254741
Adding first best original feature: 114
Adding original feature: 138
Adding original feature: 59
Adding original feature: 78
Adding original feature: 171
Adding original feature: 177
selected Features: [[114], [114], [114, 139, 60, 79, 172, 178]]
Delta: 0, final number of features: 1, selected features IDs: [114]
Delta: 0.0005, final number of features: 1, selected features IDs: [114]
Delta: 0.05, final number of features: 6, selected features IDs: [114, 139, 60, 79, 172, 178]
