NPROC : 20
Current Delta: 0
Current Threshold: 0.0
Adding first best original feature: 0
selected Features: [[0]]
Current Delta: 0.0005
Current Threshold: 0.0024434165958988918
Adding first best original feature: 0
selected Features: [[0], [0]]
Current Delta: 0.05
Current Threshold: 0.24434165958988918
Adding first best original feature: 0
Adding original feature: 191
Adding original feature: 93
Adding original feature: 152
Adding original feature: 185
Adding original feature: 172
Adding original feature: 178
selected Features: [[0], [0], [0, 192, 94, 153, 186, 173, 179]]
Delta: 0, final number of features: 1, selected features IDs: [0]
Delta: 0.0005, final number of features: 1, selected features IDs: [0]
Delta: 0.05, final number of features: 7, selected features IDs: [0, 192, 94, 153, 186, 173, 179]
