Flag : ScaleAndNoise
Current Delta: 0
Current Threshold: 0.0
----- MI Scores -----
[(137, 0.05935363268794456), (125, 0.05750828857367987), (47, 0.057150854146799046), (179, 0.05661541618472955), (143, 0.0565754328944435), (173, 0.05296385644898316), (161, 0.05229137014485484), (50, 0.05224179024550053), (149, 0.05213301158253146), (155, 0.05191321271749484), (14, 0.050460678155414426), (52, 0.04911721435992155), (136, 0.04868821650571207), (28, 0.04744955307905543), (148, 0.04742014768049884), (53, 0.04708945152953402), (131, 0.0469872324114182), (51, 0.046979951116484106), (167, 0.046634697696686836), (160, 0.046278991743396954), (142, 0.04620370954364382), (9, 0.04500037210852735), (82, 0.04440368844582464), (154, 0.04399638944289495), (126, 0.04394718949878311), (134, 0.04391623931705983), (27, 0.04385776278465244), (115, 0.04382870591344273), (34, 0.042159941395228835), (133, 0.04166269442470826), (150, 0.04151644349086931), (127, 0.0407898144977222), (13, 0.040490233079672915), (70, 0.040386250298637745), (178, 0.04037824282512189), (116, 0.04023074440576633), (17, 0.040183114783378784), (162, 0.03987460064210962), (172, 0.039616686880227375), (144, 0.03915135626972577), (124, 0.03905300471742454), (128, 0.038939252347449355), (166, 0.03870032752385183), (41, 0.038686106059300326), (26, 0.03866502108478159), (181, 0.03833628762466664), (180, 0.03832020295884211), (132, 0.03819097174548145), (174, 0.03810760666562562), (182, 0.03806908664314182), (10, 0.03790658130847362), (33, 0.03775843817722636), (156, 0.03767845651189298), (141, 0.03764903709519154), (81, 0.03758425356227014), (145, 0.03692267286054093), (157, 0.03677440543612835), (138, 0.03675964220615014), (163, 0.03647871308594915), (85, 0.036447185868462934), (175, 0.036354360207212257), (169, 0.03608970642162392), (68, 0.035895576791229886), (151, 0.035824675367403684), (86, 0.03573422866399612), (139, 0.03542784727281666), (44, 0.03507075392240422), (130, 0.03486434671252428), (177, 0.034539697580892204), (171, 0.034460000150478516), (110, 0.03443144779976501), (1, 0.03422096950333395), (23, 0.03388992130849292), (15, 0.03336799509032712), (168, 0.03290411878027686), (11, 0.032896723195317557), (109, 0.032841591632112956), (159, 0.032510566427602625), (147, 0.03234306975633259), (176, 0.032183904015914144), (20, 0.031896489446035244), (25, 0.03178879434215357), (46, 0.03144775237653773), (19, 0.031416170830487075), (170, 0.03141593288675572), (114, 0.03134368437391586), (146, 0.031239190453797073), (140, 0.030985123244805235), (183, 0.03090234319628594), (129, 0.030737969439869034), (153, 0.030687306800169904), (164, 0.03009121166852342), (29, 0.03002124205095373), (80, 0.029561584952528305), (97, 0.029391089330990113), (16, 0.029298041572955492), (121, 0.02910828534662412), (12, 0.028834866301873357), (0, 0.02881067089823246), (56, 0.028773435630867022), (112, 0.02840866670326258), (135, 0.028346275564390455), (152, 0.02823521457203368), (106, 0.028136945254448174), (165, 0.02797871217950865), (158, 0.027848743094100778), (67, 0.027702477180183597), (79, 0.02763724950954425), (32, 0.02729358037440063), (49, 0.026885115762215587), (91, 0.02676911574160683), (98, 0.02674820218958508), (5, 0.026592415244422272), (84, 0.026537218524860188), (2, 0.026347293972453334), (18, 0.0259847187915224), (108, 0.02598324687863517), (76, 0.02568444691913186), (8, 0.02546704041078714), (43, 0.025327987812335594), (65, 0.02514972004030617), (35, 0.024957636864303814), (45, 0.024928570620583224), (63, 0.0231768676180373), (62, 0.02314789261209999), (122, 0.02293188433206936), (87, 0.0228097749982965), (103, 0.022607102099144474), (31, 0.021902182380477135), (39, 0.021511819872455464), (64, 0.02117438100643871), (57, 0.020518579938719105), (6, 0.020408354847557725), (21, 0.020118192205119706), (55, 0.019952252309035027), (117, 0.019659212070082515), (40, 0.019481267016616885), (120, 0.019013224541119034), (111, 0.018800691274909204), (7, 0.01771975306761941), (61, 0.017558426690994437), (96, 0.01734434363381238), (123, 0.01720945385951465), (90, 0.016831057132651758), (22, 0.016755486804913133), (69, 0.01669242207122769), (60, 0.01628192338867309), (38, 0.015966250009138656), (83, 0.015766620548357462), (107, 0.015574904434421746), (30, 0.015163194285501096), (94, 0.015129349601172189), (113, 0.014962622076109091), (3, 0.014865032456464568), (59, 0.01450474689105892), (72, 0.014423044081854743), (73, 0.014353101013056055), (4, 0.014349700324082391), (100, 0.014325140774003636), (104, 0.01403931272178703), (54, 0.013547674392692907), (99, 0.01299982971134511), (102, 0.012848633631895014), (95, 0.012740439194884746), (88, 0.012535872943663892), (66, 0.012293537428225662), (24, 0.011668541585296614), (75, 0.011343393321719157), (48, 0.010596264007455688), (89, 0.010150493447430763), (58, 0.009212936109320962), (119, 0.009154014396622055), (74, 0.009079852831398668), (78, 0.009029117435274797), (92, 0.008344846860374667), (101, 0.007814541688238278), (42, 0.007529182107010192), (93, 0.007201377816351985), (37, 0.007087119035455311), (71, 0.006371200792450196), (118, 0.0024596884923200986), (105, 0.0019373363440690768), (77, 0.0006505953579986695), (36, -0.002781009356561667)]
Best MI score: 0.05935363268794456
Adding first best original feature: 137
selected Features: [[137]]
Current Delta: 0.0005
Current Threshold: 0.0015337675700701399
----- MI Scores -----
[(137, 0.05935363268794456), (125, 0.05750828857367987), (47, 0.057150854146799046), (179, 0.05661541618472955), (143, 0.0565754328944435), (173, 0.05296385644898316), (161, 0.05229137014485484), (50, 0.05224179024550053), (149, 0.05213301158253146), (155, 0.05191321271749484), (14, 0.050460678155414426), (52, 0.04911721435992155), (136, 0.04868821650571207), (28, 0.04744955307905543), (148, 0.04742014768049884), (53, 0.04708945152953402), (131, 0.0469872324114182), (51, 0.046979951116484106), (167, 0.046634697696686836), (160, 0.046278991743396954), (142, 0.04620370954364382), (9, 0.04500037210852735), (82, 0.04440368844582464), (154, 0.04399638944289495), (126, 0.04394718949878311), (134, 0.04391623931705983), (27, 0.04385776278465244), (115, 0.04382870591344273), (34, 0.042159941395228835), (133, 0.04166269442470826), (150, 0.04151644349086931), (127, 0.0407898144977222), (13, 0.040490233079672915), (70, 0.040386250298637745), (178, 0.04037824282512189), (116, 0.04023074440576633), (17, 0.040183114783378784), (162, 0.03987460064210962), (172, 0.039616686880227375), (144, 0.03915135626972577), (124, 0.03905300471742454), (128, 0.038939252347449355), (166, 0.03870032752385183), (41, 0.038686106059300326), (26, 0.03866502108478159), (181, 0.03833628762466664), (180, 0.03832020295884211), (132, 0.03819097174548145), (174, 0.03810760666562562), (182, 0.03806908664314182), (10, 0.03790658130847362), (33, 0.03775843817722636), (156, 0.03767845651189298), (141, 0.03764903709519154), (81, 0.03758425356227014), (145, 0.03692267286054093), (157, 0.03677440543612835), (138, 0.03675964220615014), (163, 0.03647871308594915), (85, 0.036447185868462934), (175, 0.036354360207212257), (169, 0.03608970642162392), (68, 0.035895576791229886), (151, 0.035824675367403684), (86, 0.03573422866399612), (139, 0.03542784727281666), (44, 0.03507075392240422), (130, 0.03486434671252428), (177, 0.034539697580892204), (171, 0.034460000150478516), (110, 0.03443144779976501), (1, 0.03422096950333395), (23, 0.03388992130849292), (15, 0.03336799509032712), (168, 0.03290411878027686), (11, 0.032896723195317557), (109, 0.032841591632112956), (159, 0.032510566427602625), (147, 0.03234306975633259), (176, 0.032183904015914144), (20, 0.031896489446035244), (25, 0.03178879434215357), (46, 0.03144775237653773), (19, 0.031416170830487075), (170, 0.03141593288675572), (114, 0.03134368437391586), (146, 0.031239190453797073), (140, 0.030985123244805235), (183, 0.03090234319628594), (129, 0.030737969439869034), (153, 0.030687306800169904), (164, 0.03009121166852342), (29, 0.03002124205095373), (80, 0.029561584952528305), (97, 0.029391089330990113), (16, 0.029298041572955492), (121, 0.02910828534662412), (12, 0.028834866301873357), (0, 0.02881067089823246), (56, 0.028773435630867022), (112, 0.02840866670326258), (135, 0.028346275564390455), (152, 0.02823521457203368), (106, 0.028136945254448174), (165, 0.02797871217950865), (158, 0.027848743094100778), (67, 0.027702477180183597), (79, 0.02763724950954425), (32, 0.02729358037440063), (49, 0.026885115762215587), (91, 0.02676911574160683), (98, 0.02674820218958508), (5, 0.026592415244422272), (84, 0.026537218524860188), (2, 0.026347293972453334), (18, 0.0259847187915224), (108, 0.02598324687863517), (76, 0.02568444691913186), (8, 0.02546704041078714), (43, 0.025327987812335594), (65, 0.02514972004030617), (35, 0.024957636864303814), (45, 0.024928570620583224), (63, 0.0231768676180373), (62, 0.02314789261209999), (122, 0.02293188433206936), (87, 0.0228097749982965), (103, 0.022607102099144474), (31, 0.021902182380477135), (39, 0.021511819872455464), (64, 0.02117438100643871), (57, 0.020518579938719105), (6, 0.020408354847557725), (21, 0.020118192205119706), (55, 0.019952252309035027), (117, 0.019659212070082515), (40, 0.019481267016616885), (120, 0.019013224541119034), (111, 0.018800691274909204), (7, 0.01771975306761941), (61, 0.017558426690994437), (96, 0.01734434363381238), (123, 0.01720945385951465), (90, 0.016831057132651758), (22, 0.016755486804913133), (69, 0.01669242207122769), (60, 0.01628192338867309), (38, 0.015966250009138656), (83, 0.015766620548357462), (107, 0.015574904434421746), (30, 0.015163194285501096), (94, 0.015129349601172189), (113, 0.014962622076109091), (3, 0.014865032456464568), (59, 0.01450474689105892), (72, 0.014423044081854743), (73, 0.014353101013056055), (4, 0.014349700324082391), (100, 0.014325140774003636), (104, 0.01403931272178703), (54, 0.013547674392692907), (99, 0.01299982971134511), (102, 0.012848633631895014), (95, 0.012740439194884746), (88, 0.012535872943663892), (66, 0.012293537428225662), (24, 0.011668541585296614), (75, 0.011343393321719157), (48, 0.010596264007455688), (89, 0.010150493447430763), (58, 0.009212936109320962), (119, 0.009154014396622055), (74, 0.009079852831398668), (78, 0.009029117435274797), (92, 0.008344846860374667), (101, 0.007814541688238278), (42, 0.007529182107010192), (93, 0.007201377816351985), (37, 0.007087119035455311), (71, 0.006371200792450196), (118, 0.0024596884923200986), (105, 0.0019373363440690768), (77, 0.0006505953579986695), (36, -0.002781009356561667)]
Best MI score: 0.05935363268794456
Adding first best original feature: 137
Highest CMI score: 0.03846729762286457
selected Features: [[137], [137]]
Current Delta: 0.05
Current Threshold: 0.153376757007014
----- MI Scores -----
[(137, 0.05935363268794456), (125, 0.05750828857367987), (47, 0.057150854146799046), (179, 0.05661541618472955), (143, 0.0565754328944435), (173, 0.05296385644898316), (161, 0.05229137014485484), (50, 0.05224179024550053), (149, 0.05213301158253146), (155, 0.05191321271749484), (14, 0.050460678155414426), (52, 0.04911721435992155), (136, 0.04868821650571207), (28, 0.04744955307905543), (148, 0.04742014768049884), (53, 0.04708945152953402), (131, 0.0469872324114182), (51, 0.046979951116484106), (167, 0.046634697696686836), (160, 0.046278991743396954), (142, 0.04620370954364382), (9, 0.04500037210852735), (82, 0.04440368844582464), (154, 0.04399638944289495), (126, 0.04394718949878311), (134, 0.04391623931705983), (27, 0.04385776278465244), (115, 0.04382870591344273), (34, 0.042159941395228835), (133, 0.04166269442470826), (150, 0.04151644349086931), (127, 0.0407898144977222), (13, 0.040490233079672915), (70, 0.040386250298637745), (178, 0.04037824282512189), (116, 0.04023074440576633), (17, 0.040183114783378784), (162, 0.03987460064210962), (172, 0.039616686880227375), (144, 0.03915135626972577), (124, 0.03905300471742454), (128, 0.038939252347449355), (166, 0.03870032752385183), (41, 0.038686106059300326), (26, 0.03866502108478159), (181, 0.03833628762466664), (180, 0.03832020295884211), (132, 0.03819097174548145), (174, 0.03810760666562562), (182, 0.03806908664314182), (10, 0.03790658130847362), (33, 0.03775843817722636), (156, 0.03767845651189298), (141, 0.03764903709519154), (81, 0.03758425356227014), (145, 0.03692267286054093), (157, 0.03677440543612835), (138, 0.03675964220615014), (163, 0.03647871308594915), (85, 0.036447185868462934), (175, 0.036354360207212257), (169, 0.03608970642162392), (68, 0.035895576791229886), (151, 0.035824675367403684), (86, 0.03573422866399612), (139, 0.03542784727281666), (44, 0.03507075392240422), (130, 0.03486434671252428), (177, 0.034539697580892204), (171, 0.034460000150478516), (110, 0.03443144779976501), (1, 0.03422096950333395), (23, 0.03388992130849292), (15, 0.03336799509032712), (168, 0.03290411878027686), (11, 0.032896723195317557), (109, 0.032841591632112956), (159, 0.032510566427602625), (147, 0.03234306975633259), (176, 0.032183904015914144), (20, 0.031896489446035244), (25, 0.03178879434215357), (46, 0.03144775237653773), (19, 0.031416170830487075), (170, 0.03141593288675572), (114, 0.03134368437391586), (146, 0.031239190453797073), (140, 0.030985123244805235), (183, 0.03090234319628594), (129, 0.030737969439869034), (153, 0.030687306800169904), (164, 0.03009121166852342), (29, 0.03002124205095373), (80, 0.029561584952528305), (97, 0.029391089330990113), (16, 0.029298041572955492), (121, 0.02910828534662412), (12, 0.028834866301873357), (0, 0.02881067089823246), (56, 0.028773435630867022), (112, 0.02840866670326258), (135, 0.028346275564390455), (152, 0.02823521457203368), (106, 0.028136945254448174), (165, 0.02797871217950865), (158, 0.027848743094100778), (67, 0.027702477180183597), (79, 0.02763724950954425), (32, 0.02729358037440063), (49, 0.026885115762215587), (91, 0.02676911574160683), (98, 0.02674820218958508), (5, 0.026592415244422272), (84, 0.026537218524860188), (2, 0.026347293972453334), (18, 0.0259847187915224), (108, 0.02598324687863517), (76, 0.02568444691913186), (8, 0.02546704041078714), (43, 0.025327987812335594), (65, 0.02514972004030617), (35, 0.024957636864303814), (45, 0.024928570620583224), (63, 0.0231768676180373), (62, 0.02314789261209999), (122, 0.02293188433206936), (87, 0.0228097749982965), (103, 0.022607102099144474), (31, 0.021902182380477135), (39, 0.021511819872455464), (64, 0.02117438100643871), (57, 0.020518579938719105), (6, 0.020408354847557725), (21, 0.020118192205119706), (55, 0.019952252309035027), (117, 0.019659212070082515), (40, 0.019481267016616885), (120, 0.019013224541119034), (111, 0.018800691274909204), (7, 0.01771975306761941), (61, 0.017558426690994437), (96, 0.01734434363381238), (123, 0.01720945385951465), (90, 0.016831057132651758), (22, 0.016755486804913133), (69, 0.01669242207122769), (60, 0.01628192338867309), (38, 0.015966250009138656), (83, 0.015766620548357462), (107, 0.015574904434421746), (30, 0.015163194285501096), (94, 0.015129349601172189), (113, 0.014962622076109091), (3, 0.014865032456464568), (59, 0.01450474689105892), (72, 0.014423044081854743), (73, 0.014353101013056055), (4, 0.014349700324082391), (100, 0.014325140774003636), (104, 0.01403931272178703), (54, 0.013547674392692907), (99, 0.01299982971134511), (102, 0.012848633631895014), (95, 0.012740439194884746), (88, 0.012535872943663892), (66, 0.012293537428225662), (24, 0.011668541585296614), (75, 0.011343393321719157), (48, 0.010596264007455688), (89, 0.010150493447430763), (58, 0.009212936109320962), (119, 0.009154014396622055), (74, 0.009079852831398668), (78, 0.009029117435274797), (92, 0.008344846860374667), (101, 0.007814541688238278), (42, 0.007529182107010192), (93, 0.007201377816351985), (37, 0.007087119035455311), (71, 0.006371200792450196), (118, 0.0024596884923200986), (105, 0.0019373363440690768), (77, 0.0006505953579986695), (36, -0.002781009356561667)]
Best MI score: 0.05935363268794456
Adding first best original feature: 137
Highest CMI score: 0.03846729762286457
Adding original feature: 17
Highest CMI score: 0.009681628774530118
Adding original feature: 19
Highest CMI score: 0.004413376902368343
Adding original feature: 13
Highest CMI score: 0.003035714881820986
Adding original feature: 85
Highest CMI score: 0.006674574702436348
Adding original feature: 146
Highest CMI score: 0.002996662919210885
Adding original feature: 82
Highest CMI score: 0.00580137260705621
Adding original feature: 116
Highest CMI score: 0.005904523511179427
Adding original feature: 106
Highest CMI score: 0.0017895769487495106
Adding original feature: 8
Highest CMI score: 0.0009590780650991781
Adding original feature: 14
Highest CMI score: 0.0011260257514832672
Adding original feature: 129
Highest CMI score: 0.0016854456847052446
Adding original feature: 79
Highest CMI score: 8.423385224246016e-05
Adding original feature: 135
Highest CMI score: -1.6166806060480265e-05
selected Features: [[137], [137], [137, 17, 19, 13, 85, 146, 82, 116, 106, 8, 14, 129, 79, 135]]
Current Delta: 0.1
Current Threshold: 0.306753514014028
----- MI Scores -----
[(137, 0.05935363268794456), (125, 0.05750828857367987), (47, 0.057150854146799046), (179, 0.05661541618472955), (143, 0.0565754328944435), (173, 0.05296385644898316), (161, 0.05229137014485484), (50, 0.05224179024550053), (149, 0.05213301158253146), (155, 0.05191321271749484), (14, 0.050460678155414426), (52, 0.04911721435992155), (136, 0.04868821650571207), (28, 0.04744955307905543), (148, 0.04742014768049884), (53, 0.04708945152953402), (131, 0.0469872324114182), (51, 0.046979951116484106), (167, 0.046634697696686836), (160, 0.046278991743396954), (142, 0.04620370954364382), (9, 0.04500037210852735), (82, 0.04440368844582464), (154, 0.04399638944289495), (126, 0.04394718949878311), (134, 0.04391623931705983), (27, 0.04385776278465244), (115, 0.04382870591344273), (34, 0.042159941395228835), (133, 0.04166269442470826), (150, 0.04151644349086931), (127, 0.0407898144977222), (13, 0.040490233079672915), (70, 0.040386250298637745), (178, 0.04037824282512189), (116, 0.04023074440576633), (17, 0.040183114783378784), (162, 0.03987460064210962), (172, 0.039616686880227375), (144, 0.03915135626972577), (124, 0.03905300471742454), (128, 0.038939252347449355), (166, 0.03870032752385183), (41, 0.038686106059300326), (26, 0.03866502108478159), (181, 0.03833628762466664), (180, 0.03832020295884211), (132, 0.03819097174548145), (174, 0.03810760666562562), (182, 0.03806908664314182), (10, 0.03790658130847362), (33, 0.03775843817722636), (156, 0.03767845651189298), (141, 0.03764903709519154), (81, 0.03758425356227014), (145, 0.03692267286054093), (157, 0.03677440543612835), (138, 0.03675964220615014), (163, 0.03647871308594915), (85, 0.036447185868462934), (175, 0.036354360207212257), (169, 0.03608970642162392), (68, 0.035895576791229886), (151, 0.035824675367403684), (86, 0.03573422866399612), (139, 0.03542784727281666), (44, 0.03507075392240422), (130, 0.03486434671252428), (177, 0.034539697580892204), (171, 0.034460000150478516), (110, 0.03443144779976501), (1, 0.03422096950333395), (23, 0.03388992130849292), (15, 0.03336799509032712), (168, 0.03290411878027686), (11, 0.032896723195317557), (109, 0.032841591632112956), (159, 0.032510566427602625), (147, 0.03234306975633259), (176, 0.032183904015914144), (20, 0.031896489446035244), (25, 0.03178879434215357), (46, 0.03144775237653773), (19, 0.031416170830487075), (170, 0.03141593288675572), (114, 0.03134368437391586), (146, 0.031239190453797073), (140, 0.030985123244805235), (183, 0.03090234319628594), (129, 0.030737969439869034), (153, 0.030687306800169904), (164, 0.03009121166852342), (29, 0.03002124205095373), (80, 0.029561584952528305), (97, 0.029391089330990113), (16, 0.029298041572955492), (121, 0.02910828534662412), (12, 0.028834866301873357), (0, 0.02881067089823246), (56, 0.028773435630867022), (112, 0.02840866670326258), (135, 0.028346275564390455), (152, 0.02823521457203368), (106, 0.028136945254448174), (165, 0.02797871217950865), (158, 0.027848743094100778), (67, 0.027702477180183597), (79, 0.02763724950954425), (32, 0.02729358037440063), (49, 0.026885115762215587), (91, 0.02676911574160683), (98, 0.02674820218958508), (5, 0.026592415244422272), (84, 0.026537218524860188), (2, 0.026347293972453334), (18, 0.0259847187915224), (108, 0.02598324687863517), (76, 0.02568444691913186), (8, 0.02546704041078714), (43, 0.025327987812335594), (65, 0.02514972004030617), (35, 0.024957636864303814), (45, 0.024928570620583224), (63, 0.0231768676180373), (62, 0.02314789261209999), (122, 0.02293188433206936), (87, 0.0228097749982965), (103, 0.022607102099144474), (31, 0.021902182380477135), (39, 0.021511819872455464), (64, 0.02117438100643871), (57, 0.020518579938719105), (6, 0.020408354847557725), (21, 0.020118192205119706), (55, 0.019952252309035027), (117, 0.019659212070082515), (40, 0.019481267016616885), (120, 0.019013224541119034), (111, 0.018800691274909204), (7, 0.01771975306761941), (61, 0.017558426690994437), (96, 0.01734434363381238), (123, 0.01720945385951465), (90, 0.016831057132651758), (22, 0.016755486804913133), (69, 0.01669242207122769), (60, 0.01628192338867309), (38, 0.015966250009138656), (83, 0.015766620548357462), (107, 0.015574904434421746), (30, 0.015163194285501096), (94, 0.015129349601172189), (113, 0.014962622076109091), (3, 0.014865032456464568), (59, 0.01450474689105892), (72, 0.014423044081854743), (73, 0.014353101013056055), (4, 0.014349700324082391), (100, 0.014325140774003636), (104, 0.01403931272178703), (54, 0.013547674392692907), (99, 0.01299982971134511), (102, 0.012848633631895014), (95, 0.012740439194884746), (88, 0.012535872943663892), (66, 0.012293537428225662), (24, 0.011668541585296614), (75, 0.011343393321719157), (48, 0.010596264007455688), (89, 0.010150493447430763), (58, 0.009212936109320962), (119, 0.009154014396622055), (74, 0.009079852831398668), (78, 0.009029117435274797), (92, 0.008344846860374667), (101, 0.007814541688238278), (42, 0.007529182107010192), (93, 0.007201377816351985), (37, 0.007087119035455311), (71, 0.006371200792450196), (118, 0.0024596884923200986), (105, 0.0019373363440690768), (77, 0.0006505953579986695), (36, -0.002781009356561667)]
Best MI score: 0.05935363268794456
Adding first best original feature: 137
Highest CMI score: 0.03846729762286457
Adding original feature: 17
Highest CMI score: 0.009681628774530118
Adding original feature: 19
Highest CMI score: 0.004413376902368343
Adding original feature: 13
Highest CMI score: 0.003035714881820986
Adding original feature: 85
Highest CMI score: 0.006674574702436348
Adding original feature: 146
Highest CMI score: 0.002996662919210885
Adding original feature: 82
Highest CMI score: 0.00580137260705621
Adding original feature: 116
Highest CMI score: 0.005904523511179427
Adding original feature: 106
Highest CMI score: 0.0017895769487495106
Adding original feature: 8
Highest CMI score: 0.0009590780650991781
Adding original feature: 14
Highest CMI score: 0.0011260257514832672
Adding original feature: 129
Highest CMI score: 0.0016854456847052446
Adding original feature: 79
Highest CMI score: 8.423385224246016e-05
Adding original feature: 135
Highest CMI score: -1.6166806060480265e-05
selected Features: [[137], [137], [137, 17, 19, 13, 85, 146, 82, 116, 106, 8, 14, 129, 79, 135], [137, 17, 19, 13, 85, 146, 82, 116, 106, 8, 14, 129, 79, 135]]
Delta: 0, final number of features: 1, selected features IDs: [137]
Delta: 0.0005, final number of features: 1, selected features IDs: [137]
Delta: 0.05, final number of features: 14, selected features IDs: [137, 17, 19, 13, 85, 146, 82, 116, 106, 8, 14, 129, 79, 135]
Delta: 0.1, final number of features: 14, selected features IDs: [137, 17, 19, 13, 85, 146, 82, 116, 106, 8, 14, 129, 79, 135]
