NPROC : 16
Current Delta: 0
Current Threshold: 0.0
Adding first best original feature: 0
selected Features: [[0]]
Current Delta: 0.0005
Current Threshold: 0.0032125903671014395
Adding first best original feature: 0
Adding original feature: 186
Adding original feature: 192
Adding original feature: 193
selected Features: [[0], [0, 187, 193, 194]]
Current Delta: 0.05
Current Threshold: 0.321259036710144
Adding first best original feature: 0
Adding original feature: 186
Adding original feature: 192
Adding original feature: 193
selected Features: [[0], [0, 187, 193, 194], [0, 187, 193, 194]]
Current Delta: 0.25
Current Threshold: 1.6062951835507198
Adding first best original feature: 0
Adding original feature: 186
Adding original feature: 192
Adding original feature: 193
selected Features: [[0], [0, 187, 193, 194], [0, 187, 193, 194], [0, 187, 193, 194]]
Delta: 0, final number of features: 1, selected features IDs: [0]
Delta: 0.0005, final number of features: 4, selected features IDs: [0, 187, 193, 194]
Delta: 0.05, final number of features: 4, selected features IDs: [0, 187, 193, 194]
Delta: 0.25, final number of features: 4, selected features IDs: [0, 187, 193, 194]
