NPROC : 20
Current Delta: 0
Current Threshold: 0.0
Adding first best original feature: 229
selected Features: [[229]]
Current Delta: 0.0005
Current Threshold: 0.00269933873055598
Adding first best original feature: 229
Adding original feature: 172
Adding original feature: 178
selected Features: [[229], [229, 173, 179]]
Current Delta: 0.05
Current Threshold: 0.269933873055598
Adding first best original feature: 229
Adding original feature: 172
Adding original feature: 178
selected Features: [[229], [229, 173, 179], [229, 173, 179]]
Delta: 0, final number of features: 1, selected features IDs: [229]
Delta: 0.0005, final number of features: 3, selected features IDs: [229, 173, 179]
Delta: 0.05, final number of features: 3, selected features IDs: [229, 173, 179]
