Flag : ScaleAndNoise
Current Delta: 0
Current Threshold: 0.0
----- MI Scores -----
[(134, 0.03378925902665895), (164, 0.03288328690243896), (170, 0.03252530369752867), (153, 0.031951959895155285), (165, 0.030453538383897555), (2, 0.030315830613280102), (176, 0.02970515320398101), (135, 0.029632184554213126), (171, 0.029528103583497816), (147, 0.029504202327765523), (152, 0.029478346633383317), (128, 0.029356964419821094), (123, 0.02919335333327092), (159, 0.029182459166315716), (177, 0.02910241672167889), (122, 0.028622960176615305), (141, 0.028281732870690697), (146, 0.028000537072782227), (21, 0.027352382407476325), (129, 0.02728162849048521), (140, 0.027119834432231947), (57, 0.026758970557019895), (81, 0.026708970343255617), (158, 0.026653464358513713), (160, 0.023422969733445084), (142, 0.023188348727180896), (69, 0.02316567572156898), (124, 0.02316097615790091), (96, 0.02261125711091897), (86, 0.022356908140016903), (161, 0.02235358379011914), (148, 0.022141623257706286), (154, 0.021973394474501133), (136, 0.02188892004549487), (27, 0.021747095067098363), (149, 0.021624576055498997), (22, 0.02127810097456579), (143, 0.02126078945447827), (16, 0.02118266573670703), (130, 0.021089829728009817), (172, 0.021015986904514422), (178, 0.02077210064021497), (125, 0.02075855235754895), (155, 0.0205864386789131), (131, 0.020474605286202447), (167, 0.020325555417219397), (95, 0.020244785051611966), (173, 0.020220226296197234), (4, 0.020115144335310354), (3, 0.019997216771114355), (179, 0.019785960976083664), (97, 0.01962075352558734), (33, 0.019510665430390345), (166, 0.019483041530023917), (15, 0.01947331356459913), (1, 0.019304263953138674), (137, 0.019010689860503197), (51, 0.018737016490440718), (150, 0.018691301909778475), (10, 0.01841883431909889), (162, 0.018165654245303475), (9, 0.018157301606721972), (34, 0.018137786452497376), (85, 0.018123256864663494), (100, 0.017865038010586143), (20, 0.01769272884611193), (87, 0.017547083093099925), (76, 0.017371729968603533), (138, 0.016990153552385603), (101, 0.016938128369624446), (25, 0.016811853774215624), (156, 0.01674964822432122), (65, 0.016707723208441813), (89, 0.01653773173231915), (8, 0.016485971124707937), (168, 0.016300598121075892), (17, 0.01628501299884883), (174, 0.016242575562845182), (5, 0.016074740449120092), (144, 0.015769571578091883), (126, 0.01558145474633754), (75, 0.015467195345067502), (7, 0.014709727455064443), (77, 0.014640954178087345), (56, 0.01454573894478213), (180, 0.014079503434377062), (94, 0.01391470517070336), (58, 0.013913457534758464), (41, 0.013851966089138818), (63, 0.013058607180212333), (132, 0.01305059608975015), (102, 0.012984930912380954), (14, 0.012966431531613653), (0, 0.012137836440203805), (90, 0.012043056728278078), (84, 0.012006485070138937), (49, 0.011873988228295156), (61, 0.011764288776034679), (139, 0.011414550984598648), (133, 0.011367308427973035), (68, 0.011166373349225458), (24, 0.011158652437232613), (11, 0.011107229982918175), (157, 0.011062925528098847), (13, 0.01092728176763096), (99, 0.00988609353591247), (181, 0.009885450061784226), (52, 0.009545825194918747), (70, 0.009507888397153143), (169, 0.00946147169677635), (127, 0.009361754777288364), (62, 0.009114789099599101), (119, 0.009077246832316149), (59, 0.00894902397074641), (29, 0.008808109665292453), (121, 0.00866188503318087), (175, 0.008624503752859353), (163, 0.008552981989223801), (105, 0.008425869777475597), (54, 0.008382681724497604), (72, 0.008359412407370469), (50, 0.00826233756248905), (43, 0.008197880940545028), (71, 0.008154436407253227), (74, 0.008090870144015744), (93, 0.007897276149332812), (88, 0.007789151184593202), (19, 0.007657107053285578), (39, 0.0075356208333817055), (40, 0.007330809509292222), (151, 0.006921822025169484), (79, 0.006796977972590948), (118, 0.0067709270649348036), (116, 0.006739735998860305), (55, 0.006453058670837642), (42, 0.006166261839520295), (78, 0.006126005426743162), (12, 0.006025213281934333), (112, 0.005968675384450168), (106, 0.0058830175113334495), (35, 0.005872505004612182), (117, 0.005842968175637464), (103, 0.005716638547370614), (91, 0.005662596126762912), (45, 0.005602066797634596), (109, 0.005572620677762864), (98, 0.005495291358939557), (120, 0.005404040216652557), (145, 0.005386312418990631), (31, 0.00536222371533359), (82, 0.005279647545012367), (53, 0.0051205803503419235), (67, 0.005056185959469839), (64, 0.004963829467833736), (111, 0.0047742617182936), (115, 0.0047002828495028145), (66, 0.004590860790799522), (6, 0.004457628802634029), (110, 0.0044053235659176565), (92, 0.003917113507673811), (83, 0.003887623017410677), (104, 0.0036060326110174583), (60, 0.003416683609917331), (48, 0.003264272123576688), (18, 0.002982219025535063), (80, 0.0029460796974946106), (107, 0.0029428098269917977), (26, 0.0028579014659019324), (32, 0.002730064060136764), (113, 0.0025904507188064564), (47, 0.0025526515897013034), (28, 0.002293528990898123), (23, 0.0020340135758037665), (114, 0.0006610512043868744), (30, 6.116437930098542e-05), (36, -0.0019012917880719552), (44, -0.0021823124108768513), (38, -0.0023177141041884146), (108, -0.00247107971363956), (73, -0.0038509237044216287), (46, -0.005366700804558946), (37, -0.007924041036456855)]
Best MI score: 0.03378925902665895
Adding first best original feature: 134
selected Features: [[134]]
Current Delta: 0.0005
Current Threshold: 0.009995150195105532
----- MI Scores -----
[(134, 0.03378925902665895), (164, 0.03288328690243896), (170, 0.03252530369752867), (153, 0.031951959895155285), (165, 0.030453538383897555), (2, 0.030315830613280102), (176, 0.02970515320398101), (135, 0.029632184554213126), (171, 0.029528103583497816), (147, 0.029504202327765523), (152, 0.029478346633383317), (128, 0.029356964419821094), (123, 0.02919335333327092), (159, 0.029182459166315716), (177, 0.02910241672167889), (122, 0.028622960176615305), (141, 0.028281732870690697), (146, 0.028000537072782227), (21, 0.027352382407476325), (129, 0.02728162849048521), (140, 0.027119834432231947), (57, 0.026758970557019895), (81, 0.026708970343255617), (158, 0.026653464358513713), (160, 0.023422969733445084), (142, 0.023188348727180896), (69, 0.02316567572156898), (124, 0.02316097615790091), (96, 0.02261125711091897), (86, 0.022356908140016903), (161, 0.02235358379011914), (148, 0.022141623257706286), (154, 0.021973394474501133), (136, 0.02188892004549487), (27, 0.021747095067098363), (149, 0.021624576055498997), (22, 0.02127810097456579), (143, 0.02126078945447827), (16, 0.02118266573670703), (130, 0.021089829728009817), (172, 0.021015986904514422), (178, 0.02077210064021497), (125, 0.02075855235754895), (155, 0.0205864386789131), (131, 0.020474605286202447), (167, 0.020325555417219397), (95, 0.020244785051611966), (173, 0.020220226296197234), (4, 0.020115144335310354), (3, 0.019997216771114355), (179, 0.019785960976083664), (97, 0.01962075352558734), (33, 0.019510665430390345), (166, 0.019483041530023917), (15, 0.01947331356459913), (1, 0.019304263953138674), (137, 0.019010689860503197), (51, 0.018737016490440718), (150, 0.018691301909778475), (10, 0.01841883431909889), (162, 0.018165654245303475), (9, 0.018157301606721972), (34, 0.018137786452497376), (85, 0.018123256864663494), (100, 0.017865038010586143), (20, 0.01769272884611193), (87, 0.017547083093099925), (76, 0.017371729968603533), (138, 0.016990153552385603), (101, 0.016938128369624446), (25, 0.016811853774215624), (156, 0.01674964822432122), (65, 0.016707723208441813), (89, 0.01653773173231915), (8, 0.016485971124707937), (168, 0.016300598121075892), (17, 0.01628501299884883), (174, 0.016242575562845182), (5, 0.016074740449120092), (144, 0.015769571578091883), (126, 0.01558145474633754), (75, 0.015467195345067502), (7, 0.014709727455064443), (77, 0.014640954178087345), (56, 0.01454573894478213), (180, 0.014079503434377062), (94, 0.01391470517070336), (58, 0.013913457534758464), (41, 0.013851966089138818), (63, 0.013058607180212333), (132, 0.01305059608975015), (102, 0.012984930912380954), (14, 0.012966431531613653), (0, 0.012137836440203805), (90, 0.012043056728278078), (84, 0.012006485070138937), (49, 0.011873988228295156), (61, 0.011764288776034679), (139, 0.011414550984598648), (133, 0.011367308427973035), (68, 0.011166373349225458), (24, 0.011158652437232613), (11, 0.011107229982918175), (157, 0.011062925528098847), (13, 0.01092728176763096), (99, 0.00988609353591247), (181, 0.009885450061784226), (52, 0.009545825194918747), (70, 0.009507888397153143), (169, 0.00946147169677635), (127, 0.009361754777288364), (62, 0.009114789099599101), (119, 0.009077246832316149), (59, 0.00894902397074641), (29, 0.008808109665292453), (121, 0.00866188503318087), (175, 0.008624503752859353), (163, 0.008552981989223801), (105, 0.008425869777475597), (54, 0.008382681724497604), (72, 0.008359412407370469), (50, 0.00826233756248905), (43, 0.008197880940545028), (71, 0.008154436407253227), (74, 0.008090870144015744), (93, 0.007897276149332812), (88, 0.007789151184593202), (19, 0.007657107053285578), (39, 0.0075356208333817055), (40, 0.007330809509292222), (151, 0.006921822025169484), (79, 0.006796977972590948), (118, 0.0067709270649348036), (116, 0.006739735998860305), (55, 0.006453058670837642), (42, 0.006166261839520295), (78, 0.006126005426743162), (12, 0.006025213281934333), (112, 0.005968675384450168), (106, 0.0058830175113334495), (35, 0.005872505004612182), (117, 0.005842968175637464), (103, 0.005716638547370614), (91, 0.005662596126762912), (45, 0.005602066797634596), (109, 0.005572620677762864), (98, 0.005495291358939557), (120, 0.005404040216652557), (145, 0.005386312418990631), (31, 0.00536222371533359), (82, 0.005279647545012367), (53, 0.0051205803503419235), (67, 0.005056185959469839), (64, 0.004963829467833736), (111, 0.0047742617182936), (115, 0.0047002828495028145), (66, 0.004590860790799522), (6, 0.004457628802634029), (110, 0.0044053235659176565), (92, 0.003917113507673811), (83, 0.003887623017410677), (104, 0.0036060326110174583), (60, 0.003416683609917331), (48, 0.003264272123576688), (18, 0.002982219025535063), (80, 0.0029460796974946106), (107, 0.0029428098269917977), (26, 0.0028579014659019324), (32, 0.002730064060136764), (113, 0.0025904507188064564), (47, 0.0025526515897013034), (28, 0.002293528990898123), (23, 0.0020340135758037665), (114, 0.0006610512043868744), (30, 6.116437930098542e-05), (36, -0.0019012917880719552), (44, -0.0021823124108768513), (38, -0.0023177141041884146), (108, -0.00247107971363956), (73, -0.0038509237044216287), (46, -0.005366700804558946), (37, -0.007924041036456855)]
Best MI score: 0.03378925902665895
Adding first best original feature: 134
Highest CMI score: 0.012308281437333028
selected Features: [[134], [134]]
Current Delta: 0.05
Current Threshold: 0.9995150195105533
----- MI Scores -----
[(134, 0.03378925902665895), (164, 0.03288328690243896), (170, 0.03252530369752867), (153, 0.031951959895155285), (165, 0.030453538383897555), (2, 0.030315830613280102), (176, 0.02970515320398101), (135, 0.029632184554213126), (171, 0.029528103583497816), (147, 0.029504202327765523), (152, 0.029478346633383317), (128, 0.029356964419821094), (123, 0.02919335333327092), (159, 0.029182459166315716), (177, 0.02910241672167889), (122, 0.028622960176615305), (141, 0.028281732870690697), (146, 0.028000537072782227), (21, 0.027352382407476325), (129, 0.02728162849048521), (140, 0.027119834432231947), (57, 0.026758970557019895), (81, 0.026708970343255617), (158, 0.026653464358513713), (160, 0.023422969733445084), (142, 0.023188348727180896), (69, 0.02316567572156898), (124, 0.02316097615790091), (96, 0.02261125711091897), (86, 0.022356908140016903), (161, 0.02235358379011914), (148, 0.022141623257706286), (154, 0.021973394474501133), (136, 0.02188892004549487), (27, 0.021747095067098363), (149, 0.021624576055498997), (22, 0.02127810097456579), (143, 0.02126078945447827), (16, 0.02118266573670703), (130, 0.021089829728009817), (172, 0.021015986904514422), (178, 0.02077210064021497), (125, 0.02075855235754895), (155, 0.0205864386789131), (131, 0.020474605286202447), (167, 0.020325555417219397), (95, 0.020244785051611966), (173, 0.020220226296197234), (4, 0.020115144335310354), (3, 0.019997216771114355), (179, 0.019785960976083664), (97, 0.01962075352558734), (33, 0.019510665430390345), (166, 0.019483041530023917), (15, 0.01947331356459913), (1, 0.019304263953138674), (137, 0.019010689860503197), (51, 0.018737016490440718), (150, 0.018691301909778475), (10, 0.01841883431909889), (162, 0.018165654245303475), (9, 0.018157301606721972), (34, 0.018137786452497376), (85, 0.018123256864663494), (100, 0.017865038010586143), (20, 0.01769272884611193), (87, 0.017547083093099925), (76, 0.017371729968603533), (138, 0.016990153552385603), (101, 0.016938128369624446), (25, 0.016811853774215624), (156, 0.01674964822432122), (65, 0.016707723208441813), (89, 0.01653773173231915), (8, 0.016485971124707937), (168, 0.016300598121075892), (17, 0.01628501299884883), (174, 0.016242575562845182), (5, 0.016074740449120092), (144, 0.015769571578091883), (126, 0.01558145474633754), (75, 0.015467195345067502), (7, 0.014709727455064443), (77, 0.014640954178087345), (56, 0.01454573894478213), (180, 0.014079503434377062), (94, 0.01391470517070336), (58, 0.013913457534758464), (41, 0.013851966089138818), (63, 0.013058607180212333), (132, 0.01305059608975015), (102, 0.012984930912380954), (14, 0.012966431531613653), (0, 0.012137836440203805), (90, 0.012043056728278078), (84, 0.012006485070138937), (49, 0.011873988228295156), (61, 0.011764288776034679), (139, 0.011414550984598648), (133, 0.011367308427973035), (68, 0.011166373349225458), (24, 0.011158652437232613), (11, 0.011107229982918175), (157, 0.011062925528098847), (13, 0.01092728176763096), (99, 0.00988609353591247), (181, 0.009885450061784226), (52, 0.009545825194918747), (70, 0.009507888397153143), (169, 0.00946147169677635), (127, 0.009361754777288364), (62, 0.009114789099599101), (119, 0.009077246832316149), (59, 0.00894902397074641), (29, 0.008808109665292453), (121, 0.00866188503318087), (175, 0.008624503752859353), (163, 0.008552981989223801), (105, 0.008425869777475597), (54, 0.008382681724497604), (72, 0.008359412407370469), (50, 0.00826233756248905), (43, 0.008197880940545028), (71, 0.008154436407253227), (74, 0.008090870144015744), (93, 0.007897276149332812), (88, 0.007789151184593202), (19, 0.007657107053285578), (39, 0.0075356208333817055), (40, 0.007330809509292222), (151, 0.006921822025169484), (79, 0.006796977972590948), (118, 0.0067709270649348036), (116, 0.006739735998860305), (55, 0.006453058670837642), (42, 0.006166261839520295), (78, 0.006126005426743162), (12, 0.006025213281934333), (112, 0.005968675384450168), (106, 0.0058830175113334495), (35, 0.005872505004612182), (117, 0.005842968175637464), (103, 0.005716638547370614), (91, 0.005662596126762912), (45, 0.005602066797634596), (109, 0.005572620677762864), (98, 0.005495291358939557), (120, 0.005404040216652557), (145, 0.005386312418990631), (31, 0.00536222371533359), (82, 0.005279647545012367), (53, 0.0051205803503419235), (67, 0.005056185959469839), (64, 0.004963829467833736), (111, 0.0047742617182936), (115, 0.0047002828495028145), (66, 0.004590860790799522), (6, 0.004457628802634029), (110, 0.0044053235659176565), (92, 0.003917113507673811), (83, 0.003887623017410677), (104, 0.0036060326110174583), (60, 0.003416683609917331), (48, 0.003264272123576688), (18, 0.002982219025535063), (80, 0.0029460796974946106), (107, 0.0029428098269917977), (26, 0.0028579014659019324), (32, 0.002730064060136764), (113, 0.0025904507188064564), (47, 0.0025526515897013034), (28, 0.002293528990898123), (23, 0.0020340135758037665), (114, 0.0006610512043868744), (30, 6.116437930098542e-05), (36, -0.0019012917880719552), (44, -0.0021823124108768513), (38, -0.0023177141041884146), (108, -0.00247107971363956), (73, -0.0038509237044216287), (46, -0.005366700804558946), (37, -0.007924041036456855)]
Best MI score: 0.03378925902665895
Adding first best original feature: 134
Highest CMI score: 0.012308281437333028
Adding original feature: 59
Highest CMI score: 0.008474281839671943
Adding original feature: 77
Highest CMI score: 0.009565398976881676
Adding original feature: 111
Highest CMI score: 0.0004449993826072668
Adding original feature: 141
Highest CMI score: 0.0007486184958237357
Adding original feature: 90
Highest CMI score: 0.00033204102653808243
Adding original feature: 65
Highest CMI score: 0.004594174156694955
Adding original feature: 71
Highest CMI score: 0.0013062437750773065
Adding original feature: 112
Highest CMI score: 0.0009185929094540357
Adding original feature: 154
Highest CMI score: 0.0003027328098981069
Adding original feature: 159
Highest CMI score: 0.00011130886456628408
Adding original feature: 135
Highest CMI score: -0.0002815138419402924
selected Features: [[134], [134], [134, 59, 77, 111, 141, 90, 65, 71, 112, 154, 159, 135]]
Current Delta: 0.25
Current Threshold: 4.997575097552766
----- MI Scores -----
[(134, 0.03378925902665895), (164, 0.03288328690243896), (170, 0.03252530369752867), (153, 0.031951959895155285), (165, 0.030453538383897555), (2, 0.030315830613280102), (176, 0.02970515320398101), (135, 0.029632184554213126), (171, 0.029528103583497816), (147, 0.029504202327765523), (152, 0.029478346633383317), (128, 0.029356964419821094), (123, 0.02919335333327092), (159, 0.029182459166315716), (177, 0.02910241672167889), (122, 0.028622960176615305), (141, 0.028281732870690697), (146, 0.028000537072782227), (21, 0.027352382407476325), (129, 0.02728162849048521), (140, 0.027119834432231947), (57, 0.026758970557019895), (81, 0.026708970343255617), (158, 0.026653464358513713), (160, 0.023422969733445084), (142, 0.023188348727180896), (69, 0.02316567572156898), (124, 0.02316097615790091), (96, 0.02261125711091897), (86, 0.022356908140016903), (161, 0.02235358379011914), (148, 0.022141623257706286), (154, 0.021973394474501133), (136, 0.02188892004549487), (27, 0.021747095067098363), (149, 0.021624576055498997), (22, 0.02127810097456579), (143, 0.02126078945447827), (16, 0.02118266573670703), (130, 0.021089829728009817), (172, 0.021015986904514422), (178, 0.02077210064021497), (125, 0.02075855235754895), (155, 0.0205864386789131), (131, 0.020474605286202447), (167, 0.020325555417219397), (95, 0.020244785051611966), (173, 0.020220226296197234), (4, 0.020115144335310354), (3, 0.019997216771114355), (179, 0.019785960976083664), (97, 0.01962075352558734), (33, 0.019510665430390345), (166, 0.019483041530023917), (15, 0.01947331356459913), (1, 0.019304263953138674), (137, 0.019010689860503197), (51, 0.018737016490440718), (150, 0.018691301909778475), (10, 0.01841883431909889), (162, 0.018165654245303475), (9, 0.018157301606721972), (34, 0.018137786452497376), (85, 0.018123256864663494), (100, 0.017865038010586143), (20, 0.01769272884611193), (87, 0.017547083093099925), (76, 0.017371729968603533), (138, 0.016990153552385603), (101, 0.016938128369624446), (25, 0.016811853774215624), (156, 0.01674964822432122), (65, 0.016707723208441813), (89, 0.01653773173231915), (8, 0.016485971124707937), (168, 0.016300598121075892), (17, 0.01628501299884883), (174, 0.016242575562845182), (5, 0.016074740449120092), (144, 0.015769571578091883), (126, 0.01558145474633754), (75, 0.015467195345067502), (7, 0.014709727455064443), (77, 0.014640954178087345), (56, 0.01454573894478213), (180, 0.014079503434377062), (94, 0.01391470517070336), (58, 0.013913457534758464), (41, 0.013851966089138818), (63, 0.013058607180212333), (132, 0.01305059608975015), (102, 0.012984930912380954), (14, 0.012966431531613653), (0, 0.012137836440203805), (90, 0.012043056728278078), (84, 0.012006485070138937), (49, 0.011873988228295156), (61, 0.011764288776034679), (139, 0.011414550984598648), (133, 0.011367308427973035), (68, 0.011166373349225458), (24, 0.011158652437232613), (11, 0.011107229982918175), (157, 0.011062925528098847), (13, 0.01092728176763096), (99, 0.00988609353591247), (181, 0.009885450061784226), (52, 0.009545825194918747), (70, 0.009507888397153143), (169, 0.00946147169677635), (127, 0.009361754777288364), (62, 0.009114789099599101), (119, 0.009077246832316149), (59, 0.00894902397074641), (29, 0.008808109665292453), (121, 0.00866188503318087), (175, 0.008624503752859353), (163, 0.008552981989223801), (105, 0.008425869777475597), (54, 0.008382681724497604), (72, 0.008359412407370469), (50, 0.00826233756248905), (43, 0.008197880940545028), (71, 0.008154436407253227), (74, 0.008090870144015744), (93, 0.007897276149332812), (88, 0.007789151184593202), (19, 0.007657107053285578), (39, 0.0075356208333817055), (40, 0.007330809509292222), (151, 0.006921822025169484), (79, 0.006796977972590948), (118, 0.0067709270649348036), (116, 0.006739735998860305), (55, 0.006453058670837642), (42, 0.006166261839520295), (78, 0.006126005426743162), (12, 0.006025213281934333), (112, 0.005968675384450168), (106, 0.0058830175113334495), (35, 0.005872505004612182), (117, 0.005842968175637464), (103, 0.005716638547370614), (91, 0.005662596126762912), (45, 0.005602066797634596), (109, 0.005572620677762864), (98, 0.005495291358939557), (120, 0.005404040216652557), (145, 0.005386312418990631), (31, 0.00536222371533359), (82, 0.005279647545012367), (53, 0.0051205803503419235), (67, 0.005056185959469839), (64, 0.004963829467833736), (111, 0.0047742617182936), (115, 0.0047002828495028145), (66, 0.004590860790799522), (6, 0.004457628802634029), (110, 0.0044053235659176565), (92, 0.003917113507673811), (83, 0.003887623017410677), (104, 0.0036060326110174583), (60, 0.003416683609917331), (48, 0.003264272123576688), (18, 0.002982219025535063), (80, 0.0029460796974946106), (107, 0.0029428098269917977), (26, 0.0028579014659019324), (32, 0.002730064060136764), (113, 0.0025904507188064564), (47, 0.0025526515897013034), (28, 0.002293528990898123), (23, 0.0020340135758037665), (114, 0.0006610512043868744), (30, 6.116437930098542e-05), (36, -0.0019012917880719552), (44, -0.0021823124108768513), (38, -0.0023177141041884146), (108, -0.00247107971363956), (73, -0.0038509237044216287), (46, -0.005366700804558946), (37, -0.007924041036456855)]
Best MI score: 0.03378925902665895
Adding first best original feature: 134
Highest CMI score: 0.012308281437333028
Adding original feature: 59
Highest CMI score: 0.008474281839671943
Adding original feature: 77
Highest CMI score: 0.009565398976881676
Adding original feature: 111
Highest CMI score: 0.0004449993826072668
Adding original feature: 141
Highest CMI score: 0.0007486184958237357
Adding original feature: 90
Highest CMI score: 0.00033204102653808243
Adding original feature: 65
Highest CMI score: 0.004594174156694955
Adding original feature: 71
Highest CMI score: 0.0013062437750773065
Adding original feature: 112
Highest CMI score: 0.0009185929094540357
Adding original feature: 154
Highest CMI score: 0.0003027328098981069
Adding original feature: 159
Highest CMI score: 0.00011130886456628408
Adding original feature: 135
Highest CMI score: -0.0002815138419402924
selected Features: [[134], [134], [134, 59, 77, 111, 141, 90, 65, 71, 112, 154, 159, 135], [134, 59, 77, 111, 141, 90, 65, 71, 112, 154, 159, 135]]
Delta: 0, final number of features: 1, selected features IDs: [134]
Delta: 0.0005, final number of features: 1, selected features IDs: [134]
Delta: 0.05, final number of features: 12, selected features IDs: [134, 59, 77, 111, 141, 90, 65, 71, 112, 154, 159, 135]
Delta: 0.25, final number of features: 12, selected features IDs: [134, 59, 77, 111, 141, 90, 65, 71, 112, 154, 159, 135]
