NPROC : 10
Current Delta: 0
Current Threshold: 0.0
Adding first best original feature: 0
selected Features: [[0]]
Current Delta: 0.0005
Current Threshold: 0.0014709793526309495
Adding first best original feature: 0
selected Features: [[0], [0]]
Current Delta: 0.05
Current Threshold: 0.14709793526309495
Adding first best original feature: 0
Adding original feature: 66
Adding original feature: 27
selected Features: [[0], [0], [0, 67, 28]]
Current Delta: 0.25
Current Threshold: 0.7354896763154747
Adding first best original feature: 0
Adding original feature: 66
Adding original feature: 27
selected Features: [[0], [0], [0, 67, 28], [0, 67, 28]]
Delta: 0, final number of features: 1, selected features IDs: [0]
Delta: 0.0005, final number of features: 1, selected features IDs: [0]
Delta: 0.05, final number of features: 3, selected features IDs: [0, 67, 28]
Delta: 0.25, final number of features: 3, selected features IDs: [0, 67, 28]
