NPROC : 20
Current Delta: 0
Current Threshold: 0.0
Adding first best original feature: 101
selected Features: [[101]]
Current Delta: 0.0005
Current Threshold: 0.0025162918223619124
Adding first best original feature: 101
selected Features: [[101], [101]]
Current Delta: 0.05
Current Threshold: 0.25162918223619124
Adding first best original feature: 101
Adding original feature: 0
selected Features: [[101], [101], [101, 1]]
Current Delta: 0.25
Current Threshold: 1.258145911180956
Adding first best original feature: 101
Adding original feature: 0
selected Features: [[101], [101], [101, 1], [101, 1]]
Delta: 0, final number of features: 1, selected features IDs: [101]
Delta: 0.0005, final number of features: 1, selected features IDs: [101]
Delta: 0.05, final number of features: 2, selected features IDs: [101, 1]
Delta: 0.25, final number of features: 2, selected features IDs: [101, 1]
