NPROC : 20
Current Delta: 0
Current Threshold: 0.0
Adding first best original feature: 0
selected Features: [[0]]
Current Delta: 0.0005
Current Threshold: 0.0018351940559874758
Adding first best original feature: 0
selected Features: [[0], [0]]
Current Delta: 0.05
Current Threshold: 0.18351940559874758
Adding first best original feature: 0
Adding original feature: 135
selected Features: [[0], [0], [0, 136]]
Current Delta: 0.25
Current Threshold: 0.9175970279937379
Adding first best original feature: 0
Adding original feature: 135
selected Features: [[0], [0], [0, 136], [0, 136]]
Delta: 0, final number of features: 1, selected features IDs: [0]
Delta: 0.0005, final number of features: 1, selected features IDs: [0]
Delta: 0.05, final number of features: 2, selected features IDs: [0, 136]
Delta: 0.25, final number of features: 2, selected features IDs: [0, 136]
