NPROC : 10
Current Delta: 0
Current Threshold: 0.0
Adding first best original feature: 0
selected Features: [[0]]
Current Delta: 0.0005
Current Threshold: 0.001646937107085704
Adding first best original feature: 0
selected Features: [[0], [0]]
Current Delta: 0.05
Current Threshold: 0.16469371070857042
Adding first best original feature: 0
Adding original feature: 1
selected Features: [[0], [0], [0, 2]]
Current Delta: 0.25
Current Threshold: 0.823468553542852
Adding first best original feature: 0
Adding original feature: 1
selected Features: [[0], [0], [0, 2], [0, 2]]
Delta: 0, final number of features: 1, selected features IDs: [0]
Delta: 0.0005, final number of features: 1, selected features IDs: [0]
Delta: 0.05, final number of features: 2, selected features IDs: [0, 2]
Delta: 0.25, final number of features: 2, selected features IDs: [0, 2]
