NPROC : 20
Current Delta: 0
Current Threshold: 0.0
Adding first best original feature: 1
selected Features: [[1]]
Current Delta: 0.0005
Current Threshold: 0.0020598622942916535
Adding first best original feature: 1
selected Features: [[1], [1]]
Current Delta: 0.05
Current Threshold: 0.20598622942916536
Adding first best original feature: 1
Adding original feature: 0
Adding original feature: 141
selected Features: [[1], [1], [1, 2, 142]]
Current Delta: 0.25
Current Threshold: 1.0299311471458268
Adding first best original feature: 1
Adding original feature: 0
Adding original feature: 141
selected Features: [[1], [1], [1, 2, 142], [1, 2, 142]]
Delta: 0, final number of features: 1, selected features IDs: [1]
Delta: 0.0005, final number of features: 1, selected features IDs: [1]
Delta: 0.05, final number of features: 3, selected features IDs: [1, 2, 142]
Delta: 0.25, final number of features: 3, selected features IDs: [1, 2, 142]
