NPROC : 20
Current Delta: 0
Current Threshold: 0.0
Adding first best original feature: 0
selected Features: [[0]]
Current Delta: 0.0005
Current Threshold: 0.0011477338172424312
Adding first best original feature: 0
selected Features: [[0], [0]]
Current Delta: 0.05
Current Threshold: 0.11477338172424312
Adding first best original feature: 0
Adding original feature: 136
Adding original feature: 12
Adding original feature: 106
selected Features: [[0], [0], [0, 137, 13, 107]]
Current Delta: 0.25
Current Threshold: 0.5738669086212156
Adding first best original feature: 0
Adding original feature: 136
Adding original feature: 12
Adding original feature: 106
selected Features: [[0], [0], [0, 137, 13, 107], [0, 137, 13, 107]]
Delta: 0, final number of features: 1, selected features IDs: [0]
Delta: 0.0005, final number of features: 1, selected features IDs: [0]
Delta: 0.05, final number of features: 4, selected features IDs: [0, 137, 13, 107]
Delta: 0.25, final number of features: 4, selected features IDs: [0, 137, 13, 107]
