NPROC : 20
Current Delta: 0
Current Threshold: 0.0
Adding first best original feature: 0
selected Features: [[0]]
Current Delta: 0.0005
Current Threshold: 0.0015601769582964163
Adding first best original feature: 0
selected Features: [[0], [0]]
Current Delta: 0.05
Current Threshold: 0.15601769582964164
Adding first best original feature: 0
Adding original feature: 122
Adding original feature: 30
selected Features: [[0], [0], [0, 123, 31]]
Current Delta: 0.25
Current Threshold: 0.7800884791482081
Adding first best original feature: 0
Adding original feature: 122
Adding original feature: 30
selected Features: [[0], [0], [0, 123, 31], [0, 123, 31]]
Delta: 0, final number of features: 1, selected features IDs: [0]
Delta: 0.0005, final number of features: 1, selected features IDs: [0]
Delta: 0.05, final number of features: 3, selected features IDs: [0, 123, 31]
Delta: 0.25, final number of features: 3, selected features IDs: [0, 123, 31]
