NPROC : 20
Current Delta: 0
Current Threshold: 0.0
Adding first best original feature: 0
selected Features: [[0]]
Current Delta: 0.0005
Current Threshold: 0.0015189097171895247
Adding first best original feature: 0
selected Features: [[0], [0]]
Current Delta: 0.05
Current Threshold: 0.1518909717189525
Adding first best original feature: 0
Adding original feature: 141
selected Features: [[0], [0], [0, 142]]
Current Delta: 0.25
Current Threshold: 0.7594548585947624
Adding first best original feature: 0
Adding original feature: 141
selected Features: [[0], [0], [0, 142], [0, 142]]
Delta: 0, final number of features: 1, selected features IDs: [0]
Delta: 0.0005, final number of features: 1, selected features IDs: [0]
Delta: 0.05, final number of features: 2, selected features IDs: [0, 142]
Delta: 0.25, final number of features: 2, selected features IDs: [0, 142]
