NPROC : 20
Current Delta: 0
Current Threshold: 0.0
Adding first best original feature: 0
selected Features: [[0]]
Current Delta: 0.0005
Current Threshold: 0.002516291822846539
Adding first best original feature: 0
selected Features: [[0], [0]]
Current Delta: 0.05
Current Threshold: 0.2516291822846539
Adding first best original feature: 0
Adding original feature: 100
Adding original feature: 101
Adding original feature: 131
Adding original feature: 149
selected Features: [[0], [0], [0, 101, 102, 132, 150]]
Current Delta: 0.25
Current Threshold: 1.2581459114232696
Adding first best original feature: 0
Adding original feature: 100
Adding original feature: 101
Adding original feature: 131
Adding original feature: 149
selected Features: [[0], [0], [0, 101, 102, 132, 150], [0, 101, 102, 132, 150]]
Delta: 0, final number of features: 1, selected features IDs: [0]
Delta: 0.0005, final number of features: 1, selected features IDs: [0]
Delta: 0.05, final number of features: 5, selected features IDs: [0, 101, 102, 132, 150]
Delta: 0.25, final number of features: 5, selected features IDs: [0, 101, 102, 132, 150]
