NPROC : 20
Current Delta: 0
Current Threshold: 0.0
Adding first best original feature: 0
selected Features: [[0]]
Current Delta: 0.0005
Current Threshold: 0.001835194056032098
Adding first best original feature: 0
selected Features: [[0], [0]]
Current Delta: 0.05
Current Threshold: 0.1835194056032098
Adding first best original feature: 0
Adding original feature: 82
selected Features: [[0], [0], [0, 83]]
Current Delta: 0.25
Current Threshold: 0.917597028016049
Adding first best original feature: 0
Adding original feature: 82
selected Features: [[0], [0], [0, 83], [0, 83]]
Delta: 0, final number of features: 1, selected features IDs: [0]
Delta: 0.0005, final number of features: 1, selected features IDs: [0]
Delta: 0.05, final number of features: 2, selected features IDs: [0, 83]
Delta: 0.25, final number of features: 2, selected features IDs: [0, 83]
